~$ docker logs mysql
2026-01-12 09:25:51-03:00 [Note] [Entrypoint]: Entrypoint script for MySQL Server 8.0.44-1.el9 started.
2026-01-12 09:26:11-03:00 [Note] [Entrypoint]: Switching to dedicated user 'mysql'
2026-01-12 09:26:13-03:00 [Note] [Entrypoint]: Entrypoint script for MySQL Server 8.0.44-1.el9 started.
2026-01-12 09:26:13-03:00 [Note] [Entrypoint]: Initializing database files
2026-01-12T12:26:13.522187Z 0 [Warning] [MY-011068] [Server] The syntax '--skip-host-cache' is deprecated and will be removed in a future release. Please use SET GLOBAL host_cache_size=0 instead.
2026-01-12T12:26:13.590229Z 0 [System] [MY-013169] [Server] /usr/sbin/mysqld (mysqld 8.0.44) initializing of server in progress as process 98
2026-01-12T12:26:14.001767Z 1 [System] [MY-013576] [InnoDB] InnoDB initialization has started.
2026-01-12T12:26:28.165594Z 1 [System] [MY-013577] [InnoDB] InnoDB initialization has ended.
2026-01-12T12:26:50.510279Z 6 [Warning] [MY-010453] [Server] root@localhost is created with an empty password ! Please consider switching off the --initialize-insecure option.
2026-01-12 09:27:39-03:00 [Note] [Entrypoint]: Database files initialized
2026-01-12 09:27:39-03:00 [Note] [Entrypoint]: Starting temporary server
2026-01-12T12:27:40.222763Z 0 [Warning] [MY-011068] [Server] The syntax '--skip-host-cache' is deprecated and will be removed in a future release. Please use SET GLOBAL host_cache_size=0 instead.
2026-01-12T12:27:40.224098Z 0 [System] [MY-010116] [Server] /usr/sbin/mysqld (mysqld 8.0.44) starting as process 214
2026-01-12T12:27:40.273788Z 1 [System] [MY-013576] [InnoDB] InnoDB initialization has started.
2026-01-12T12:27:42.109354Z 1 [System] [MY-013577] [InnoDB] InnoDB initialization has ended.
2026-01-12T12:27:45.028545Z 0 [Warning] [MY-010068] [Server] CA certificate ca.pem is self signed.
2026-01-12T12:27:45.028568Z 0 [System] [MY-013602] [Server] Channel mysql_main configured to support TLS. Encrypted connections are now supported for this channel.
2026-01-12T12:27:45.075528Z 0 [Warning] [MY-011810] [Server] Insecure configuration for --pid-file: Location '/var/run/mysqld' in the path is accessible to all OS users. Consider choosing a different directory.
2026-01-12T12:27:45.103792Z 0 [System] [MY-011323] [Server] X Plugin ready for connections. Socket: /var/run/mysqld/mysqlx.sock
2026-01-12T12:27:45.103857Z 0 [System] [MY-010931] [Server] /usr/sbin/mysqld: ready for connections. Version: '8.0.44'  socket: '/var/run/mysqld/mysqld.sock'  port: 0  MySQL Community Server - GPL.
2026-01-12 09:27:45-03:00 [Note] [Entrypoint]: Temporary server started.
'/var/lib/mysql/mysql.sock' -> '/var/run/mysqld/mysqld.sock'
Warning: Unable to load '/usr/share/zoneinfo/iso3166.tab' as time zone. Skipping it.
Warning: Unable to load '/usr/share/zoneinfo/leap-seconds.list' as time zone. Skipping it.
Warning: Unable to load '/usr/share/zoneinfo/leapseconds' as time zone. Skipping it.
Warning: Unable to load '/usr/share/zoneinfo/tzdata.zi' as time zone. Skipping it.
Warning: Unable to load '/usr/share/zoneinfo/zone.tab' as time zone. Skipping it.
Warning: Unable to load '/usr/share/zoneinfo/zone1970.tab' as time zone. Skipping it.
2026-01-12 09:28:01-03:00 [Note] [Entrypoint]: Creating database oai_db
2026-01-12 09:28:02-03:00 [Note] [Entrypoint]: Creating user test
2026-01-12 09:28:02-03:00 [Note] [Entrypoint]: Giving user test access to schema oai_db

2026-01-12 09:28:02-03:00 [Note] [Entrypoint]: /usr/local/bin/docker-entrypoint.sh: running /docker-entrypoint-initdb.d/oai_db.sql


2026-01-12 09:28:24-03:00 [Note] [Entrypoint]: Stopping temporary server
2026-01-12T12:28:24.231261Z 14 [System] [MY-013172] [Server] Received SHUTDOWN from user root. Shutting down mysqld (Version: 8.0.44).
2026-01-12T12:28:41.082333Z 0 [System] [MY-010910] [Server] /usr/sbin/mysqld: Shutdown complete (mysqld 8.0.44)  MySQL Community Server - GPL.
2026-01-12 09:28:41-03:00 [Note] [Entrypoint]: Temporary server stopped

2026-01-12 09:28:41-03:00 [Note] [Entrypoint]: MySQL init process done. Ready for start up.

2026-01-12T12:28:41.470435Z 0 [Warning] [MY-011068] [Server] The syntax '--skip-host-cache' is deprecated and will be removed in a future release. Please use SET GLOBAL host_cache_size=0 instead.
2026-01-12T12:28:41.471696Z 0 [System] [MY-010116] [Server] /usr/sbin/mysqld (mysqld 8.0.44) starting as process 1
2026-01-12T12:28:41.476600Z 1 [System] [MY-013576] [InnoDB] InnoDB initialization has started.
2026-01-12T12:28:43.590980Z 1 [System] [MY-013577] [InnoDB] InnoDB initialization has ended.
2026-01-12T12:28:45.427357Z 0 [Warning] [MY-010068] [Server] CA certificate ca.pem is self signed.
2026-01-12T12:28:45.427398Z 0 [System] [MY-013602] [Server] Channel mysql_main configured to support TLS. Encrypted connections are now supported for this channel.
2026-01-12T12:28:45.497726Z 0 [Warning] [MY-011810] [Server] Insecure configuration for --pid-file: Location '/var/run/mysqld' in the path is accessible to all OS users. Consider choosing a different directory.
2026-01-12T12:28:46.028835Z 0 [System] [MY-011323] [Server] X Plugin ready for connections. Bind-address: '::' port: 33060, socket: /var/run/mysqld/mysqlx.sock
2026-01-12T12:28:46.028891Z 0 [System] [MY-010931] [Server] /usr/sbin/mysqld: ready for connections. Version: '8.0.44'  socket: '/var/run/mysqld/mysqld.sock'  port: 3306  MySQL Community Server - GPL.
