~/oai-cn5g-fed/docker-compose$ ip a
1: lo: <LOOPBACK,UP,LOWER_UP> mtu 65536 qdisc noqueue state UNKNOWN group default qlen 1000
    link/loopback 00:00:00:00:00:00 brd 00:00:00:00:00:00
    inet 127.0.0.1/8 scope host lo
       valid_lft forever preferred_lft forever
    inet6 ::1/128 scope host noprefixroute 
       valid_lft forever preferred_lft forever
2: enp67s0: <NO-CARRIER,BROADCAST,MULTICAST,UP> mtu 1500 qdisc fq_codel state DOWN group default qlen 1000
    link/ether 04:58:5d:22:19:65 brd ff:ff:ff:ff:ff:ff
3: wlp0s20f3: <BROADCAST,MULTICAST,UP,LOWER_UP> mtu 1500 qdisc noqueue state UP group default qlen 1000
    link/ether 38:18:68:d3:50:54 brd ff:ff:ff:ff:ff:ff
    inet 192.168.18.63/24 brd 192.168.18.255 scope global dynamic noprefixroute wlp0s20f3
       valid_lft 78260sec preferred_lft 78260sec
    inet6 2804:9f8:4784:4930:85f9:2055:afb2:e6ef/64 scope global temporary dynamic 
       valid_lft 43106sec preferred_lft 43106sec
    inet6 2804:9f8:4784:4930:f031:eb17:4055:8c20/64 scope global dynamic mngtmpaddr noprefixroute 
       valid_lft 43106sec preferred_lft 43106sec
    inet6 fe80::80a:d378:16c0:d936/64 scope link noprefixroute 
       valid_lft forever preferred_lft forever
4: cn5g-access: <NO-CARRIER,BROADCAST,MULTICAST,UP> mtu 1500 qdisc noqueue state DOWN group default 
    link/ether b2:75:26:b7:8e:97 brd ff:ff:ff:ff:ff:ff
    inet 192.168.72.1/24 brd 192.168.72.255 scope global cn5g-access
       valid_lft forever preferred_lft forever
5: docker0: <NO-CARRIER,BROADCAST,MULTICAST,UP> mtu 1500 qdisc noqueue state DOWN group default 
    link/ether 66:3a:b1:22:73:29 brd ff:ff:ff:ff:ff:ff
    inet 172.17.0.1/16 brd 172.17.255.255 scope global docker0
       valid_lft forever preferred_lft forever
6: br-4d148d218877: <NO-CARRIER,BROADCAST,MULTICAST,UP> mtu 1500 qdisc noqueue state DOWN group default 
    link/ether be:e9:7c:6f:4f:6f brd ff:ff:ff:ff:ff:ff
    inet 172.18.0.1/16 brd 172.18.255.255 scope global br-4d148d218877
       valid_lft forever preferred_lft forever
7: enp1s0f0: <BROADCAST,NOARP,UP,LOWER_UP> mtu 9000 qdisc noqueue state UNKNOWN group default qlen 1000
    link/ether 3e:c3:82:d9:1b:e4 brd ff:ff:ff:ff:ff:ff
    inet 192.168.40.1/24 brd 192.168.40.255 scope global enp1s0f0
       valid_lft forever preferred_lft forever
    inet6 fe80::3cc3:82ff:fed9:1be4/64 scope link 
       valid_lft forever preferred_lft forever
84: cn5g-core: <BROADCAST,MULTICAST,UP,LOWER_UP> mtu 1500 qdisc noqueue state UP group default 
    link/ether 0e:84:3c:80:8e:9e brd ff:ff:ff:ff:ff:ff
    inet 192.168.73.1/24 brd 192.168.73.255 scope global cn5g-core
       valid_lft forever preferred_lft forever
    inet6 fe80::c84:3cff:fe80:8e9e/64 scope link 
       valid_lft forever preferred_lft forever
85: demo-oai: <BROADCAST,MULTICAST,UP,LOWER_UP> mtu 1500 qdisc noqueue state UP group default 
    link/ether f6:79:7f:d8:9c:01 brd ff:ff:ff:ff:ff:ff
    inet 192.168.70.1/24 brd 192.168.70.255 scope global demo-oai
       valid_lft forever preferred_lft forever
    inet6 fe80::f479:7fff:fed8:9c01/64 scope link 
       valid_lft forever preferred_lft forever
86: veth0f9ff7a@if2: <BROADCAST,MULTICAST,UP,LOWER_UP> mtu 1500 qdisc noqueue master demo-oai state UP group default 
    link/ether 5e:5f:31:a6:68:c3 brd ff:ff:ff:ff:ff:ff link-netnsid 0
    inet6 fe80::5c5f:31ff:fea6:68c3/64 scope link 
       valid_lft forever preferred_lft forever
88: veth635cbcd@if2: <BROADCAST,MULTICAST,UP,LOWER_UP> mtu 1500 qdisc noqueue master demo-oai state UP group default 
    link/ether 06:19:76:ed:f8:c1 brd ff:ff:ff:ff:ff:ff link-netnsid 2
    inet6 fe80::419:76ff:feed:f8c1/64 scope link 
       valid_lft forever preferred_lft forever
89: veth3ed9cf5@if2: <BROADCAST,MULTICAST,UP,LOWER_UP> mtu 1500 qdisc noqueue master demo-oai state UP group default 
    link/ether 12:9a:2a:60:ea:6e brd ff:ff:ff:ff:ff:ff link-netnsid 3
    inet6 fe80::109a:2aff:fe60:ea6e/64 scope link 
       valid_lft forever preferred_lft forever
90: veth5cdb427@if2: <BROADCAST,MULTICAST,UP,LOWER_UP> mtu 1500 qdisc noqueue master demo-oai state UP group default 
    link/ether 46:d7:d0:43:aa:80 brd ff:ff:ff:ff:ff:ff link-netnsid 4
    inet6 fe80::44d7:d0ff:fe43:aa80/64 scope link 
       valid_lft forever preferred_lft forever
92: veth52722e5@if3: <BROADCAST,MULTICAST,UP,LOWER_UP> mtu 1500 qdisc noqueue master cn5g-core state UP group default 
    link/ether ee:08:74:95:4a:57 brd ff:ff:ff:ff:ff:ff link-netnsid 4
    inet6 fe80::ec08:74ff:fe95:4a57/64 scope link 
       valid_lft forever preferred_lft forever
93: veth7a2529c@if2: <BROADCAST,MULTICAST,UP,LOWER_UP> mtu 1500 qdisc noqueue master demo-oai state UP group default 
    link/ether 7a:e1:84:d0:94:54 brd ff:ff:ff:ff:ff:ff link-netnsid 6
    inet6 fe80::78e1:84ff:fed0:9454/64 scope link 
       valid_lft forever preferred_lft forever
94: vethbb977fd@if2: <BROADCAST,MULTICAST,UP,LOWER_UP> mtu 1500 qdisc noqueue master demo-oai state UP group default 
    link/ether 5a:8d:c2:62:38:bc brd ff:ff:ff:ff:ff:ff link-netnsid 7
    inet6 fe80::588d:c2ff:fe62:38bc/64 scope link 
       valid_lft forever preferred_lft forever
95: veth1ba22b8@if2: <BROADCAST,MULTICAST,UP,LOWER_UP> mtu 1500 qdisc noqueue master demo-oai state UP group default 
    link/ether 82:ff:3c:57:82:5c brd ff:ff:ff:ff:ff:ff link-netnsid 8
    inet6 fe80::80ff:3cff:fe57:825c/64 scope link 
       valid_lft forever preferred_lft forever
96: veth6b322d4@if2: <BROADCAST,MULTICAST,UP,LOWER_UP> mtu 1500 qdisc noqueue master demo-oai state UP group default 
    link/ether 5e:0f:59:15:fb:dd brd ff:ff:ff:ff:ff:ff link-netnsid 9
    inet6 fe80::5c0f:59ff:fe15:fbdd/64 scope link 
       valid_lft forever preferred_lft forever
97: vetha90ac64@if2: <BROADCAST,MULTICAST,UP,LOWER_UP> mtu 1500 qdisc noqueue master demo-oai state UP group default 
    link/ether fe:bd:20:20:29:85 brd ff:ff:ff:ff:ff:ff link-netnsid 10
    inet6 fe80::fcbd:20ff:fe20:2985/64 scope link 
       valid_lft forever preferred_lft forever
98: vethe496186@if2: <BROADCAST,MULTICAST,UP,LOWER_UP> mtu 1500 qdisc noqueue master demo-oai state UP group default 
    link/ether 82:49:e1:84:b1:23 brd ff:ff:ff:ff:ff:ff link-netnsid 11
    inet6 fe80::8049:e1ff:fe84:b123/64 scope link 
       valid_lft forever preferred_lft forever
99: veth1f067cb@if2: <BROADCAST,MULTICAST,UP,LOWER_UP> mtu 1500 qdisc noqueue master demo-oai state UP group default 
    link/ether 7e:a7:54:9d:70:7a brd ff:ff:ff:ff:ff:ff link-netnsid 12
    inet6 fe80::7ca7:54ff:fe9d:707a/64 scope link 
       valid_lft forever preferred_lft forever
102: veth3554dc5@if2: <BROADCAST,MULTICAST,UP,LOWER_UP> mtu 1500 qdisc noqueue master demo-oai state UP group default 
    link/ether 5a:24:9f:0d:bf:46 brd ff:ff:ff:ff:ff:ff link-netnsid 1
    inet6 fe80::5824:9fff:fe0d:bf46/64 scope link 
       valid_lft forever preferred_lft forever
103: veth608c1b9@if2: <BROADCAST,MULTICAST,UP,LOWER_UP> mtu 1500 qdisc noqueue master demo-oai state UP group default 
    link/ether 7e:5b:72:6d:1f:ba brd ff:ff:ff:ff:ff:ff link-netnsid 5
    inet6 fe80::7c5b:72ff:fe6d:1fba/64 scope link 
       valid_lft forever preferred_lft forever
110: veth0be9f17@if2: <BROADCAST,MULTICAST,UP,LOWER_UP> mtu 1500 qdisc noqueue master demo-oai state UP group default 
    link/ether aa:95:2f:29:15:83 brd ff:ff:ff:ff:ff:ff link-netnsid 13
    inet6 fe80::a895:2fff:fe29:1583/64 scope link 
       valid_lft forever preferred_lft forever
